{"level":"info","message":"Express server running","service":"user-service","timestamp":"2025-10-24T12:06:00.122Z"}
{"level":"info","message":"Express server running","service":"user-service","timestamp":"2025-10-24T12:16:00.948Z"}
{"level":"info","message":"Express server running","service":"user-service","timestamp":"2025-10-24T12:23:54.785Z"}
{"level":"info","message":"Express server running","service":"user-service","timestamp":"2025-10-24T12:28:32.844Z"}
{"level":"info","message":"Express server running","service":"user-service","timestamp":"2025-10-24T12:32:00.342Z"}
{"level":"info","message":"Express server running","service":"user-service","timestamp":"2025-10-24T12:35:53.048Z"}
{"level":"info","message":"✅ Express server running on port 8081","service":"user-service","timestamp":"2025-10-24T17:27:10.979Z"}
{"level":"info","message":"✅ Express server running on port 8081","service":"user-service","timestamp":"2025-10-24T17:34:37.207Z"}
{"level":"info","message":"✅ Express server running on port 8081","service":"user-service","timestamp":"2025-10-24T17:44:39.517Z"}
{"level":"info","message":"✅ Express server running on port 8081","service":"user-service","timestamp":"2025-10-24T17:51:10.540Z"}
{"level":"info","message":"SIGINT received. Shutting down gracefully...","service":"user-service","timestamp":"2025-10-24T17:56:32.271Z"}
{"level":"info","message":"✅ Express server running on port 8081","service":"user-service","timestamp":"2025-10-24T17:57:04.254Z"}
{"level":"info","message":"SIGINT received. Shutting down gracefully...","service":"user-service","timestamp":"2025-10-24T18:00:05.657Z"}
{"level":"info","message":"✅ Express server running on port 8081","service":"user-service","timestamp":"2025-10-24T18:00:14.530Z"}
{"level":"info","message":"SIGINT received. Shutting down gracefully...","service":"user-service","timestamp":"2025-10-24T18:07:04.023Z"}
{"level":"info","message":"🚀 SianFinTech backend initializing...","service":"sianfintech-api","timestamp":"2025-10-29T09:16:35.884Z"}
{"level":"info","message":"✅ Connected to MongoDB in undefined mode","service":"sianfintech-api","timestamp":"2025-10-29T09:16:43.369Z"}
{"level":"info","message":"🚀 SianFinTech server running in undefined mode on port 8082","service":"sianfintech-api","timestamp":"2025-10-29T09:16:43.383Z"}
{"level":"info","message":"🚀 SianFinTech backend initializing...","service":"sianfintech-api","timestamp":"2025-10-29T09:17:19.114Z"}
{"level":"info","message":"✅ Connected to MongoDB in undefined mode","service":"sianfintech-api","timestamp":"2025-10-29T09:17:25.277Z"}
{"level":"info","message":"🚀 SianFinTech backend initializing...","service":"sianfintech-api","timestamp":"2025-10-29T09:20:02.066Z"}
{"level":"info","message":"🚀 SianFinTech backend initializing...","service":"sianfintech-api","timestamp":"2025-10-29T09:20:06.817Z"}
{"level":"info","message":"✅ Connected to MongoDB in undefined mode","service":"sianfintech-api","timestamp":"2025-10-29T09:20:06.905Z"}
{"level":"info","message":"🚀 SianFinTech server running in undefined mode on port 8082","service":"sianfintech-api","timestamp":"2025-10-29T09:20:06.912Z"}
{"level":"info","message":"✅ Connected to MongoDB in undefined mode","service":"sianfintech-api","timestamp":"2025-10-29T09:20:14.017Z"}
{"level":"info","message":"🚀 SianFinTech backend initializing...","service":"sianfintech-api","timestamp":"2025-10-29T14:22:38.817Z"}
{"level":"info","message":"✅ Connected to MongoDB in undefined mode","service":"sianfintech-api","timestamp":"2025-10-29T14:22:45.022Z"}
{"level":"warn","message":"Port 8082 is busy, trying 8083...","service":"sianfintech-api","timestamp":"2025-10-29T14:22:45.033Z"}
{"level":"info","message":"🚀 SianFinTech server running in undefined mode on port 8083","service":"sianfintech-api","timestamp":"2025-10-29T14:22:45.048Z"}
{"level":"info","message":"📱 Mobile app should connect to: http://10.159.16.172:8083","service":"sianfintech-api","timestamp":"2025-10-29T14:22:45.049Z"}
{"level":"info","message":"SIGINT received, shutting down gracefully","service":"sianfintech-api","timestamp":"2025-10-29T14:47:37.269Z"}
{"level":"info","message":"🚀 SianFinTech backend initializing...","service":"sianfintech-api","timestamp":"2025-10-29T15:07:26.771Z"}
{"level":"info","message":"✅ Connected to MongoDB in undefined mode","service":"sianfintech-api","timestamp":"2025-10-29T15:07:32.671Z"}
{"level":"warn","message":"Port 8082 is busy, trying 8083...","service":"sianfintech-api","timestamp":"2025-10-29T15:07:32.683Z"}
{"level":"info","message":"🚀 SianFinTech server running in undefined mode on port 8083","service":"sianfintech-api","timestamp":"2025-10-29T15:07:32.696Z"}
{"level":"info","message":"📱 Mobile app should connect to: http://10.159.16.172:8083","service":"sianfintech-api","timestamp":"2025-10-29T15:07:32.696Z"}
{"level":"info","message":"SIGINT received, shutting down gracefully","service":"sianfintech-api","timestamp":"2025-10-29T15:12:46.634Z"}
{"level":"info","message":"🚀 SianFinTech backend initializing...","service":"sianfintech-api","timestamp":"2025-10-29T15:12:51.507Z"}
{"level":"info","message":"✅ Connected to MongoDB in undefined mode","service":"sianfintech-api","timestamp":"2025-10-29T15:12:56.366Z"}
{"level":"warn","message":"Port 8082 is busy, trying 8083...","service":"sianfintech-api","timestamp":"2025-10-29T15:12:56.377Z"}
{"level":"info","message":"🚀 SianFinTech server running in undefined mode on port 8083","service":"sianfintech-api","timestamp":"2025-10-29T15:12:56.392Z"}
{"level":"info","message":"📱 Mobile app should connect to: http://10.159.16.172:8083","service":"sianfintech-api","timestamp":"2025-10-29T15:12:56.393Z"}
{"level":"info","message":"SIGINT received, shutting down gracefully","service":"sianfintech-api","timestamp":"2025-10-29T15:20:20.516Z"}
{"level":"info","message":"🚀 SianFinTech backend initializing...","service":"sianfintech-api","timestamp":"2025-10-29T15:20:26.531Z"}
{"level":"info","message":"✅ Connected to MongoDB in undefined mode","service":"sianfintech-api","timestamp":"2025-10-29T15:20:31.306Z"}
{"level":"warn","message":"Port 8082 is busy, trying 8083...","service":"sianfintech-api","timestamp":"2025-10-29T15:20:31.318Z"}
{"level":"info","message":"🚀 SianFinTech server running in undefined mode on port 8083","service":"sianfintech-api","timestamp":"2025-10-29T15:20:31.332Z"}
{"level":"info","message":"📱 Mobile app should connect to: http://10.159.16.172:8083","service":"sianfintech-api","timestamp":"2025-10-29T15:20:31.333Z"}
{"level":"info","message":"SIGINT received, shutting down gracefully","service":"sianfintech-api","timestamp":"2025-10-29T18:23:03.244Z"}
{"level":"info","message":"🚀 SianFinTech backend initializing...","service":"sianfintech-api","timestamp":"2025-10-29T18:23:09.008Z"}
{"level":"info","message":"✅ Connected to MongoDB in undefined mode","service":"sianfintech-api","timestamp":"2025-10-29T18:23:13.871Z"}
{"level":"warn","message":"Port 8082 is busy, trying 8083...","service":"sianfintech-api","timestamp":"2025-10-29T18:23:13.879Z"}
{"level":"info","message":"🚀 SianFinTech server running in undefined mode on port 8083","service":"sianfintech-api","timestamp":"2025-10-29T18:23:13.897Z"}
{"level":"info","message":"📱 Mobile app should connect to: http://10.159.16.172:8083","service":"sianfintech-api","timestamp":"2025-10-29T18:23:13.898Z"}
{"level":"info","message":"SIGINT received, shutting down gracefully","service":"sianfintech-api","timestamp":"2025-10-29T18:32:59.852Z"}
{"level":"info","message":"🚀 SianFinTech backend initializing...","service":"sianfintech-api","timestamp":"2025-10-29T18:33:05.814Z"}
{"level":"info","message":"✅ Connected to MongoDB in undefined mode","service":"sianfintech-api","timestamp":"2025-10-29T18:33:11.578Z"}
{"level":"warn","message":"Port 8082 is busy, trying 8083...","service":"sianfintech-api","timestamp":"2025-10-29T18:33:11.608Z"}
{"level":"info","message":"🚀 SianFinTech server running in undefined mode on port 8083","service":"sianfintech-api","timestamp":"2025-10-29T18:33:11.636Z"}
{"level":"info","message":"📱 Mobile app should connect to: http://10.159.16.172:8083","service":"sianfintech-api","timestamp":"2025-10-29T18:33:11.637Z"}
{"level":"info","message":"SIGINT received, shutting down gracefully","service":"sianfintech-api","timestamp":"2025-10-29T18:37:48.433Z"}
{"level":"info","message":"🚀 SianFinTech backend initializing...","service":"sianfintech-api","timestamp":"2025-10-29T18:37:53.263Z"}
{"level":"info","message":"✅ Connected to MongoDB in undefined mode","service":"sianfintech-api","timestamp":"2025-10-29T18:37:58.490Z"}
{"level":"warn","message":"Port 8082 is busy, trying 8083...","service":"sianfintech-api","timestamp":"2025-10-29T18:37:58.510Z"}
{"level":"info","message":"🚀 SianFinTech server running in undefined mode on port 8083","service":"sianfintech-api","timestamp":"2025-10-29T18:37:58.527Z"}
{"level":"info","message":"📱 Mobile app should connect to: http://10.159.16.172:8083","service":"sianfintech-api","timestamp":"2025-10-29T18:37:58.528Z"}
{"level":"info","message":"SIGINT received, shutting down gracefully","service":"sianfintech-api","timestamp":"2025-10-29T19:06:00.053Z"}
{"level":"info","message":"🚀 SianFinTech backend initializing...","service":"sianfintech-api","timestamp":"2025-10-29T19:06:03.894Z"}
{"level":"info","message":"✅ Connected to MongoDB in undefined mode","service":"sianfintech-api","timestamp":"2025-10-29T19:06:09.467Z"}
{"level":"warn","message":"Port 8082 is busy, trying 8083...","service":"sianfintech-api","timestamp":"2025-10-29T19:06:09.475Z"}
{"level":"info","message":"🚀 SianFinTech server running in undefined mode on port 8083","service":"sianfintech-api","timestamp":"2025-10-29T19:06:09.489Z"}
{"level":"info","message":"📱 Mobile app should connect to: http://10.159.16.172:8083","service":"sianfintech-api","timestamp":"2025-10-29T19:06:09.490Z"}
{"level":"info","message":"SIGINT received, shutting down gracefully","service":"sianfintech-api","timestamp":"2025-10-29T19:19:42.256Z"}
{"level":"info","message":"🚀 SianFinTech backend initializing...","service":"sianfintech-api","timestamp":"2025-10-29T19:25:04.324Z"}
{"level":"info","message":"✅ Connected to MongoDB in undefined mode","service":"sianfintech-api","timestamp":"2025-10-29T19:25:08.641Z"}
{"level":"warn","message":"Port 8082 is busy, trying 8083...","service":"sianfintech-api","timestamp":"2025-10-29T19:25:08.667Z"}
{"level":"info","message":"🚀 SianFinTech server running in undefined mode on port 8083","service":"sianfintech-api","timestamp":"2025-10-29T19:25:08.685Z"}
{"level":"info","message":"📱 Mobile app should connect to: http://10.159.16.172:8083","service":"sianfintech-api","timestamp":"2025-10-29T19:25:08.686Z"}
{"level":"info","message":"🚀 SianFinTech backend initializing...","service":"sianfintech-api","timestamp":"2025-10-29T19:56:48.468Z"}
{"level":"info","message":"✅ Connected to MongoDB in undefined mode","service":"sianfintech-api","timestamp":"2025-10-29T19:56:54.864Z"}
{"level":"warn","message":"Port 8082 is busy, trying 8083...","service":"sianfintech-api","timestamp":"2025-10-29T19:56:54.876Z"}
{"level":"warn","message":"Port 8083 is busy, trying 8084...","service":"sianfintech-api","timestamp":"2025-10-29T19:56:54.886Z"}
{"level":"info","message":"🚀 SianFinTech server running in undefined mode on port 8084","service":"sianfintech-api","timestamp":"2025-10-29T19:56:54.893Z"}
{"level":"info","message":"📱 Mobile app should connect to: http://10.159.16.172:8084","service":"sianfintech-api","timestamp":"2025-10-29T19:56:54.893Z"}
{"level":"info","message":"🚀 SianFinTech backend initializing...","service":"sianfintech-api","timestamp":"2025-10-29T21:07:25.275Z"}
{"level":"info","message":"✅ Connected to MongoDB in undefined mode","service":"sianfintech-api","timestamp":"2025-10-29T21:07:32.097Z"}
{"level":"warn","message":"Port 8082 is busy, trying 8083...","service":"sianfintech-api","timestamp":"2025-10-29T21:07:32.102Z"}
{"level":"warn","message":"Port 8083 is busy, trying 8084...","service":"sianfintech-api","timestamp":"2025-10-29T21:07:32.108Z"}
{"level":"warn","message":"Port 8084 is busy, trying 8085...","service":"sianfintech-api","timestamp":"2025-10-29T21:07:32.110Z"}
{"level":"info","message":"🚀 SianFinTech server running in undefined mode on port 8085","service":"sianfintech-api","timestamp":"2025-10-29T21:07:32.114Z"}
{"level":"info","message":"📱 Mobile app should connect to: http://10.159.16.172:8085","service":"sianfintech-api","timestamp":"2025-10-29T21:07:32.115Z"}
{"level":"info","message":"SIGINT received, shutting down gracefully","service":"sianfintech-api","timestamp":"2025-10-29T21:08:36.258Z"}
{"level":"info","message":"SIGINT received, shutting down gracefully","service":"sianfintech-api","timestamp":"2025-10-29T21:09:07.018Z"}
{"level":"info","message":"SIGINT received, shutting down gracefully","service":"sianfintech-api","timestamp":"2025-10-29T21:09:18.789Z"}
{"level":"info","message":"🚀 SianFinTech backend initializing...","service":"sianfintech-api","timestamp":"2025-10-29T21:09:23.688Z"}
{"level":"info","message":"✅ Connected to MongoDB in undefined mode","service":"sianfintech-api","timestamp":"2025-10-29T21:09:27.651Z"}
{"level":"warn","message":"Port 8082 is busy, trying 8083...","service":"sianfintech-api","timestamp":"2025-10-29T21:09:27.657Z"}
{"level":"info","message":"🚀 SianFinTech server running in undefined mode on port 8083","service":"sianfintech-api","timestamp":"2025-10-29T21:09:27.670Z"}
{"level":"info","message":"📱 Mobile app should connect to: http://10.159.16.172:8083","service":"sianfintech-api","timestamp":"2025-10-29T21:09:27.671Z"}
{"level":"info","message":"🚀 SianFinTech backend initializing...","service":"sianfintech-api","timestamp":"2025-10-29T21:42:11.490Z"}
{"level":"info","message":"✅ Connected to MongoDB in undefined mode","service":"sianfintech-api","timestamp":"2025-10-29T21:42:16.748Z"}
{"level":"warn","message":"Port 8082 is busy, trying 8083...","service":"sianfintech-api","timestamp":"2025-10-29T21:42:16.757Z"}
{"level":"info","message":"🚀 SianFinTech server running in undefined mode on port 8083","service":"sianfintech-api","timestamp":"2025-10-29T21:42:16.768Z"}
{"level":"info","message":"📱 Mobile app should connect to: http://10.159.16.172:8083","service":"sianfintech-api","timestamp":"2025-10-29T21:42:16.769Z"}
{"level":"info","message":"🚀 SianFinTech backend initializing...","service":"sianfintech-api","timestamp":"2025-10-29T21:42:53.282Z"}
{"level":"info","message":"✅ Connected to MongoDB in undefined mode","service":"sianfintech-api","timestamp":"2025-10-29T21:42:56.836Z"}
{"level":"warn","message":"Port 8082 is busy, trying 8083...","service":"sianfintech-api","timestamp":"2025-10-29T21:42:56.848Z"}
{"level":"warn","message":"Port 8083 is busy, trying 8084...","service":"sianfintech-api","timestamp":"2025-10-29T21:42:56.857Z"}
{"level":"info","message":"🚀 SianFinTech server running in undefined mode on port 8084","service":"sianfintech-api","timestamp":"2025-10-29T21:42:56.865Z"}
{"level":"info","message":"📱 Mobile app should connect to: http://10.159.16.172:8084","service":"sianfintech-api","timestamp":"2025-10-29T21:42:56.866Z"}
{"level":"info","message":"🚀 SianFinTech backend initializing...","service":"sianfintech-api","timestamp":"2025-10-29T21:43:10.482Z"}
{"level":"info","message":"✅ Connected to MongoDB in undefined mode","service":"sianfintech-api","timestamp":"2025-10-29T21:43:13.908Z"}
{"level":"warn","message":"Port 8082 is busy, trying 8083...","service":"sianfintech-api","timestamp":"2025-10-29T21:43:13.913Z"}
{"level":"warn","message":"Port 8083 is busy, trying 8084...","service":"sianfintech-api","timestamp":"2025-10-29T21:43:13.920Z"}
{"level":"info","message":"🚀 SianFinTech server running in undefined mode on port 8084","service":"sianfintech-api","timestamp":"2025-10-29T21:43:13.927Z"}
{"level":"info","message":"📱 Mobile app should connect to: http://10.159.16.172:8084","service":"sianfintech-api","timestamp":"2025-10-29T21:43:13.927Z"}
{"level":"info","message":"SIGINT received, shutting down gracefully","service":"sianfintech-api","timestamp":"2025-10-29T21:43:24.677Z"}
{"level":"info","message":"🚀 SianFinTech backend initializing...","service":"sianfintech-api","timestamp":"2025-10-29T21:43:33.550Z"}
{"level":"info","message":"✅ Connected to MongoDB in undefined mode","service":"sianfintech-api","timestamp":"2025-10-29T21:43:37.417Z"}
{"level":"warn","message":"Port 8082 is busy, trying 8083...","service":"sianfintech-api","timestamp":"2025-10-29T21:43:37.425Z"}
{"level":"info","message":"🚀 SianFinTech server running in undefined mode on port 8083","service":"sianfintech-api","timestamp":"2025-10-29T21:43:37.445Z"}
{"level":"info","message":"📱 Mobile app should connect to: http://10.159.16.172:8083","service":"sianfintech-api","timestamp":"2025-10-29T21:43:37.446Z"}
{"level":"info","message":"SIGINT received, shutting down gracefully","service":"sianfintech-api","timestamp":"2025-10-29T21:56:54.681Z"}
{"level":"info","message":"🚀 SianFinTech backend initializing...","service":"sianfintech-api","timestamp":"2025-10-29T21:56:59.941Z"}
{"level":"info","message":"✅ Connected to MongoDB in undefined mode","service":"sianfintech-api","timestamp":"2025-10-29T21:57:04.278Z"}
{"level":"warn","message":"Port 8082 is busy, trying 8083...","service":"sianfintech-api","timestamp":"2025-10-29T21:57:04.283Z"}
{"level":"info","message":"🚀 SianFinTech server running in undefined mode on port 8083","service":"sianfintech-api","timestamp":"2025-10-29T21:57:04.298Z"}
{"level":"info","message":"📱 Mobile app should connect to: http://10.159.16.172:8083","service":"sianfintech-api","timestamp":"2025-10-29T21:57:04.299Z"}
{"level":"info","message":"SIGINT received, shutting down gracefully","service":"sianfintech-api","timestamp":"2025-10-29T22:08:05.691Z"}
{"level":"info","message":"🚀 SianFinTech backend initializing...","service":"sianfintech-api","timestamp":"2025-10-29T22:08:10.669Z"}
{"level":"info","message":"✅ Connected to MongoDB in undefined mode","service":"sianfintech-api","timestamp":"2025-10-29T22:08:17.429Z"}
{"level":"warn","message":"Port 8082 is busy, trying 8083...","service":"sianfintech-api","timestamp":"2025-10-29T22:08:17.435Z"}
{"level":"info","message":"🚀 SianFinTech server running in undefined mode on port 8083","service":"sianfintech-api","timestamp":"2025-10-29T22:08:17.448Z"}
{"level":"info","message":"📱 Mobile app should connect to: http://10.159.16.172:8083","service":"sianfintech-api","timestamp":"2025-10-29T22:08:17.449Z"}
{"level":"info","message":"🚀 SianFinTech backend initializing...","service":"sianfintech-api","timestamp":"2025-10-29T22:19:42.825Z"}
{"level":"info","message":"✅ Connected to MongoDB in undefined mode","service":"sianfintech-api","timestamp":"2025-10-29T22:19:46.860Z"}
{"level":"warn","message":"Port 8082 is busy, trying 8083...","service":"sianfintech-api","timestamp":"2025-10-29T22:19:46.864Z"}
{"level":"info","message":"🚀 SianFinTech server running in undefined mode on port 8083","service":"sianfintech-api","timestamp":"2025-10-29T22:19:46.881Z"}
{"level":"info","message":"📱 Mobile app should connect to: http://10.159.16.172:8083","service":"sianfintech-api","timestamp":"2025-10-29T22:19:46.881Z"}
{"level":"info","message":"🚀 SianFinTech backend initializing...","service":"sianfintech-api","timestamp":"2025-10-29T22:20:23.477Z"}
{"level":"info","message":"✅ Connected to MongoDB in undefined mode","service":"sianfintech-api","timestamp":"2025-10-29T22:20:27.589Z"}
{"level":"warn","message":"Port 8082 is busy, trying 8083...","service":"sianfintech-api","timestamp":"2025-10-29T22:20:27.595Z"}
{"level":"info","message":"🚀 SianFinTech server running in undefined mode on port 8083","service":"sianfintech-api","timestamp":"2025-10-29T22:20:27.610Z"}
{"level":"info","message":"📱 Mobile app should connect to: http://10.159.16.172:8083","service":"sianfintech-api","timestamp":"2025-10-29T22:20:27.612Z"}
{"level":"info","message":"SIGINT received, shutting down gracefully","service":"sianfintech-api","timestamp":"2025-10-29T22:20:37.403Z"}
{"level":"info","message":"🚀 SianFinTech backend initializing...","service":"sianfintech-api","timestamp":"2025-10-29T22:20:43.377Z"}
{"level":"info","message":"✅ Connected to MongoDB in undefined mode","service":"sianfintech-api","timestamp":"2025-10-29T22:20:48.598Z"}
{"level":"warn","message":"Port 8082 is busy, trying 8083...","service":"sianfintech-api","timestamp":"2025-10-29T22:20:48.603Z"}
{"level":"info","message":"🚀 SianFinTech server running in undefined mode on port 8083","service":"sianfintech-api","timestamp":"2025-10-29T22:20:48.616Z"}
{"level":"info","message":"📱 Mobile app should connect to: http://10.159.16.172:8083","service":"sianfintech-api","timestamp":"2025-10-29T22:20:48.617Z"}
{"level":"info","message":"🚀 SianFinTech backend initializing...","service":"sianfintech-api","timestamp":"2025-10-30T20:40:46.520Z"}
{"level":"info","message":"✅ Connected to MongoDB in undefined mode","service":"sianfintech-api","timestamp":"2025-10-30T20:40:51.326Z"}
{"level":"warn","message":"Port 8082 is busy, trying 8083...","service":"sianfintech-api","timestamp":"2025-10-30T20:40:51.332Z"}
{"level":"info","message":"🚀 SianFinTech server running in undefined mode on port 8083","service":"sianfintech-api","timestamp":"2025-10-30T20:40:51.345Z"}
{"level":"info","message":"📱 Mobile app should connect to: http://10.159.16.172:8083","service":"sianfintech-api","timestamp":"2025-10-30T20:40:51.345Z"}
{"level":"info","message":"SIGINT received, shutting down gracefully","service":"sianfintech-api","timestamp":"2025-10-30T20:53:48.238Z"}
{"level":"info","message":"🚀 SianFinTech backend initializing...","service":"sianfintech-api","timestamp":"2025-10-30T20:53:55.415Z"}
{"level":"info","message":"✅ Connected to MongoDB in undefined mode","service":"sianfintech-api","timestamp":"2025-10-30T20:54:00.217Z"}
{"level":"warn","message":"Port 8082 is busy, trying 8083...","service":"sianfintech-api","timestamp":"2025-10-30T20:54:00.223Z"}
{"level":"info","message":"🚀 SianFinTech server running in undefined mode on port 8083","service":"sianfintech-api","timestamp":"2025-10-30T20:54:00.236Z"}
{"level":"info","message":"📱 Mobile app should connect to: http://10.159.16.172:8083","service":"sianfintech-api","timestamp":"2025-10-30T20:54:00.237Z"}
{"level":"info","message":"SIGINT received, shutting down gracefully","service":"sianfintech-api","timestamp":"2025-10-30T21:24:53.482Z"}
{"level":"info","message":"🚀 SianFinTech backend initializing...","service":"sianfintech-api","timestamp":"2025-10-30T21:24:58.887Z"}
{"level":"info","message":"✅ Connected to MongoDB in undefined mode","service":"sianfintech-api","timestamp":"2025-10-30T21:25:03.613Z"}
{"level":"warn","message":"Port 8082 is busy, trying 8083...","service":"sianfintech-api","timestamp":"2025-10-30T21:25:03.617Z"}
{"level":"info","message":"🚀 SianFinTech server running in undefined mode on port 8083","service":"sianfintech-api","timestamp":"2025-10-30T21:25:03.628Z"}
{"level":"info","message":"📱 Mobile app should connect to: http://10.159.16.172:8083","service":"sianfintech-api","timestamp":"2025-10-30T21:25:03.629Z"}
{"level":"info","message":"SIGINT received, shutting down gracefully","service":"sianfintech-api","timestamp":"2025-10-30T21:25:33.113Z"}
{"level":"info","message":"🚀 SianFinTech backend initializing...","service":"sianfintech-api","timestamp":"2025-10-30T21:33:44.105Z"}
{"level":"info","message":"✅ Connected to MongoDB in undefined mode","service":"sianfintech-api","timestamp":"2025-10-30T21:33:48.546Z"}
{"level":"warn","message":"Port 8082 is busy, trying 8083...","service":"sianfintech-api","timestamp":"2025-10-30T21:33:48.551Z"}
{"level":"info","message":"🚀 SianFinTech server running in undefined mode on port 8083","service":"sianfintech-api","timestamp":"2025-10-30T21:33:48.566Z"}
{"level":"info","message":"📱 Mobile app should connect to: http://10.159.16.172:8083","service":"sianfintech-api","timestamp":"2025-10-30T21:33:48.566Z"}
